<?xml version="1.0" encoding="UTF-8"?>
<!-- Generated by org.testng.reporters.JUnitReportReporter -->
<testsuite hostname="DESKTOP-OI1AHPK" failures="0" tests="1" name="elementsAction.ClickandDragGesture" time="21.811" errors="0" timestamp="2024-03-08T00:50:02 IST" skipped="0">
  <testcase classname="elementsAction.ClickandDragGesture" name="clickanddragTest" time="21.811"/>
  <system-out/>
</testsuite> <!-- elementsAction.ClickandDragGesture -->
