<?xml version="1.0" encoding="UTF-8"?>
<!-- Generated by org.testng.reporters.JUnitReportReporter -->
<testsuite hostname="DESKTOP-OI1AHPK" failures="0" tests="1" name="elementsAction.LocatorsDemo" time="18.705" errors="0" timestamp="2024-03-08T01:00:28 IST" skipped="0">
  <testcase classname="elementsAction.LocatorsDemo" name="androidLocators" time="18.705"/>
  <system-out/>
</testsuite> <!-- elementsAction.LocatorsDemo -->
